2015-11-19 10:13:59 , meetingID=564da04e682a8 

 df5364a54b37d01de4c3afd3667759ee5a6d8154 

 /bigbluebutton/api/isMeetingRunning?meetingID=564da04e682a8&checksum=df5364a54b37d01de4c3afd3667759ee5a6d8154 

 |

2015-11-19 10:14:06 , meetingID=564da04e682a8 

 df5364a54b37d01de4c3afd3667759ee5a6d8154 

 /bigbluebutton/api/isMeetingRunning?meetingID=564da04e682a8&checksum=df5364a54b37d01de4c3afd3667759ee5a6d8154 

 |

2015-11-19 10:14:28 , meetingID=564da04e682a8 

 b34625b9bce21825644ae6ebf5cd8ed3fd3a39c5 

 /bigbluebutton/api/isMeetingRunning?meetingID=564da04e682a8&checksum=b34625b9bce21825644ae6ebf5cd8ed3fd3a39c5 

 |

2015-11-19 10:16:00 , meetingID=564da04e682a8 

 b34625b9bce21825644ae6ebf5cd8ed3fd3a39c5 

 /bigbluebutton/api/isMeetingRunning?meetingID=564da04e682a8&checksum=b34625b9bce21825644ae6ebf5cd8ed3fd3a39c5 

 |

2015-11-19 10:16:00 , meetingID=564da04e682a8 

 b34625b9bce21825644ae6ebf5cd8ed3fd3a39c5 

 http://conference.eletsmeet.com/bigbluebutton/api/isMeetingRunning?meetingID=564da04e682a8&checksum=b34625b9bce21825644ae6ebf5cd8ed3fd3a39c5 

 SUCCESS|true

2015-11-19 10:16:08 , meetingID=564da04e682a8 

 b34625b9bce21825644ae6ebf5cd8ed3fd3a39c5 

 /bigbluebutton/api/isMeetingRunning?meetingID=564da04e682a8&checksum=b34625b9bce21825644ae6ebf5cd8ed3fd3a39c5 

 |

2015-11-19 10:16:12 , meetingID=564da04e682a8 

 b34625b9bce21825644ae6ebf5cd8ed3fd3a39c5 

 /bigbluebutton/api/isMeetingRunning?meetingID=564da04e682a8&checksum=b34625b9bce21825644ae6ebf5cd8ed3fd3a39c5 

 |

2015-11-19 10:16:48 , meetingID=564da04e682a8 

 b34625b9bce21825644ae6ebf5cd8ed3fd3a39c5 

 http://conference.eletsmeet.com/bigbluebutton/api/isMeetingRunning?meetingID=564da04e682a8&checksum=b34625b9bce21825644ae6ebf5cd8ed3fd3a39c5 

 SUCCESS|true

2015-11-19 10:16:53 , meetingID=564da04e682a8 

 b34625b9bce21825644ae6ebf5cd8ed3fd3a39c5 

 /bigbluebutton/api/isMeetingRunning?meetingID=564da04e682a8&checksum=b34625b9bce21825644ae6ebf5cd8ed3fd3a39c5 

 |

2015-11-19 10:17:03 , meetingID=564da04e682a8 

 b34625b9bce21825644ae6ebf5cd8ed3fd3a39c5 

 /bigbluebutton/api/isMeetingRunning?meetingID=564da04e682a8&checksum=b34625b9bce21825644ae6ebf5cd8ed3fd3a39c5 

 |

2015-11-19 10:17:04 , meetingID=564da04e682a8 

 b34625b9bce21825644ae6ebf5cd8ed3fd3a39c5 

 http://conference.eletsmeet.com/bigbluebutton/api/isMeetingRunning?meetingID=564da04e682a8&checksum=b34625b9bce21825644ae6ebf5cd8ed3fd3a39c5 

 SUCCESS|true

2015-11-19 10:32:51 , meetingID=564da04e682a8 

 b34625b9bce21825644ae6ebf5cd8ed3fd3a39c5 

 /bigbluebutton/api/isMeetingRunning?meetingID=564da04e682a8&checksum=b34625b9bce21825644ae6ebf5cd8ed3fd3a39c5 

 |

2015-11-19 10:32:59 , meetingID=564da04e682a8 

 b34625b9bce21825644ae6ebf5cd8ed3fd3a39c5 

 /bigbluebutton/api/isMeetingRunning?meetingID=564da04e682a8&checksum=b34625b9bce21825644ae6ebf5cd8ed3fd3a39c5 

 |

2015-11-19 10:33:00 , meetingID=564da04e682a8 

 b34625b9bce21825644ae6ebf5cd8ed3fd3a39c5 

 http://conference.eletsmeet.com/bigbluebutton/api/isMeetingRunning?meetingID=564da04e682a8&checksum=b34625b9bce21825644ae6ebf5cd8ed3fd3a39c5 

 SUCCESS|true

2015-11-19 10:47:15 , meetingID=564da04e682a8 

 b34625b9bce21825644ae6ebf5cd8ed3fd3a39c5 

 /bigbluebutton/api/isMeetingRunning?meetingID=564da04e682a8&checksum=b34625b9bce21825644ae6ebf5cd8ed3fd3a39c5 

 |

2015-11-19 10:47:20 , meetingID=564da04e682a8 

 b34625b9bce21825644ae6ebf5cd8ed3fd3a39c5 

 /bigbluebutton/api/isMeetingRunning?meetingID=564da04e682a8&checksum=b34625b9bce21825644ae6ebf5cd8ed3fd3a39c5 

 |

2015-11-19 10:47:21 , meetingID=564da04e682a8 

 b34625b9bce21825644ae6ebf5cd8ed3fd3a39c5 

 http://conference.eletsmeet.com/bigbluebutton/api/isMeetingRunning?meetingID=564da04e682a8&checksum=b34625b9bce21825644ae6ebf5cd8ed3fd3a39c5 

 SUCCESS|true

2015-11-19 11:05:16 , meetingID=564da04e682a8 

 b34625b9bce21825644ae6ebf5cd8ed3fd3a39c5 

 /bigbluebutton/api/isMeetingRunning?meetingID=564da04e682a8&checksum=b34625b9bce21825644ae6ebf5cd8ed3fd3a39c5 

 |

2015-11-19 11:05:21 , meetingID=564da04e682a8 

 b34625b9bce21825644ae6ebf5cd8ed3fd3a39c5 

 /bigbluebutton/api/isMeetingRunning?meetingID=564da04e682a8&checksum=b34625b9bce21825644ae6ebf5cd8ed3fd3a39c5 

 |

2015-11-19 11:05:22 , meetingID=564da04e682a8 

 b34625b9bce21825644ae6ebf5cd8ed3fd3a39c5 

 http://conference.eletsmeet.com/bigbluebutton/api/isMeetingRunning?meetingID=564da04e682a8&checksum=b34625b9bce21825644ae6ebf5cd8ed3fd3a39c5 

 SUCCESS|true

2015-11-19 11:07:00 , meetingID=564da04e682a8 

 b34625b9bce21825644ae6ebf5cd8ed3fd3a39c5 

 /bigbluebutton/api/isMeetingRunning?meetingID=564da04e682a8&checksum=b34625b9bce21825644ae6ebf5cd8ed3fd3a39c5 

 |

2015-11-19 11:07:04 , meetingID=564da04e682a8 

 b34625b9bce21825644ae6ebf5cd8ed3fd3a39c5 

 /bigbluebutton/api/isMeetingRunning?meetingID=564da04e682a8&checksum=b34625b9bce21825644ae6ebf5cd8ed3fd3a39c5 

 |

2015-11-19 11:07:04 , meetingID=564da04e682a8 

 b34625b9bce21825644ae6ebf5cd8ed3fd3a39c5 

 http://conference.eletsmeet.com/bigbluebutton/api/isMeetingRunning?meetingID=564da04e682a8&checksum=b34625b9bce21825644ae6ebf5cd8ed3fd3a39c5 

 SUCCESS|true

2015-11-19 11:12:32 , meetingID=564da04e682a8 

 b34625b9bce21825644ae6ebf5cd8ed3fd3a39c5 

 /bigbluebutton/api/isMeetingRunning?meetingID=564da04e682a8&checksum=b34625b9bce21825644ae6ebf5cd8ed3fd3a39c5 

 |

2015-11-19 11:12:38 , meetingID=564da04e682a8 

 b34625b9bce21825644ae6ebf5cd8ed3fd3a39c5 

 /bigbluebutton/api/isMeetingRunning?meetingID=564da04e682a8&checksum=b34625b9bce21825644ae6ebf5cd8ed3fd3a39c5 

 |

2015-11-19 11:12:56 , meetingID=564da04e682a8 

 b34625b9bce21825644ae6ebf5cd8ed3fd3a39c5 

 /bigbluebutton/api/isMeetingRunning?meetingID=564da04e682a8&checksum=b34625b9bce21825644ae6ebf5cd8ed3fd3a39c5 

 |

2015-11-19 11:33:58 , meetingID=564da04e682a8 

 b34625b9bce21825644ae6ebf5cd8ed3fd3a39c5 

 /bigbluebutton/api/isMeetingRunning?meetingID=564da04e682a8&checksum=b34625b9bce21825644ae6ebf5cd8ed3fd3a39c5 

 |

2015-11-19 11:34:01 , meetingID=564da04e682a8 

 b34625b9bce21825644ae6ebf5cd8ed3fd3a39c5 

 /bigbluebutton/api/isMeetingRunning?meetingID=564da04e682a8&checksum=b34625b9bce21825644ae6ebf5cd8ed3fd3a39c5 

 |

2015-11-19 11:49:18 , meetingID=564da04e682a8 

 b34625b9bce21825644ae6ebf5cd8ed3fd3a39c5 

 /bigbluebutton/api/isMeetingRunning?meetingID=564da04e682a8&checksum=b34625b9bce21825644ae6ebf5cd8ed3fd3a39c5 

 |

2015-11-19 11:49:54 , meetingID=564da04e682a8 

 b34625b9bce21825644ae6ebf5cd8ed3fd3a39c5 

 /bigbluebutton/api/isMeetingRunning?meetingID=564da04e682a8&checksum=b34625b9bce21825644ae6ebf5cd8ed3fd3a39c5 

 |

2015-11-19 12:01:02 , meetingID=564da04e682a8 

 b34625b9bce21825644ae6ebf5cd8ed3fd3a39c5 

 http://conference.eletsmeet.com/bigbluebutton/api/isMeetingRunning?meetingID=564da04e682a8&checksum=b34625b9bce21825644ae6ebf5cd8ed3fd3a39c5 

 SUCCESS|false

