2015-11-20 06:48:02 , meetingID=564ec0de4ba6c 

 a7f85e179f8c5587ab5b864dbfc5f2f844c23b81 

 http://conference.eletsmeet.com/bigbluebutton/api/isMeetingRunning?meetingID=564ec0de4ba6c&checksum=a7f85e179f8c5587ab5b864dbfc5f2f844c23b81 

 SUCCESS|true

2015-11-20 06:49:02 , meetingID=564ec0de4ba6c 

 a7f85e179f8c5587ab5b864dbfc5f2f844c23b81 

 http://conference.eletsmeet.com/bigbluebutton/api/isMeetingRunning?meetingID=564ec0de4ba6c&checksum=a7f85e179f8c5587ab5b864dbfc5f2f844c23b81 

 SUCCESS|true

2015-11-20 06:50:02 , meetingID=564ec0de4ba6c 

 a7f85e179f8c5587ab5b864dbfc5f2f844c23b81 

 http://conference.eletsmeet.com/bigbluebutton/api/isMeetingRunning?meetingID=564ec0de4ba6c&checksum=a7f85e179f8c5587ab5b864dbfc5f2f844c23b81 

 SUCCESS|true

2015-11-20 06:51:02 , meetingID=564ec0de4ba6c 

 a7f85e179f8c5587ab5b864dbfc5f2f844c23b81 

 http://conference.eletsmeet.com/bigbluebutton/api/isMeetingRunning?meetingID=564ec0de4ba6c&checksum=a7f85e179f8c5587ab5b864dbfc5f2f844c23b81 

 SUCCESS|true

2015-11-20 06:52:01 , meetingID=564ec0de4ba6c 

 a7f85e179f8c5587ab5b864dbfc5f2f844c23b81 

 http://conference.eletsmeet.com/bigbluebutton/api/isMeetingRunning?meetingID=564ec0de4ba6c&checksum=a7f85e179f8c5587ab5b864dbfc5f2f844c23b81 

 SUCCESS|true

2015-11-20 06:53:02 , meetingID=564ec0de4ba6c 

 a7f85e179f8c5587ab5b864dbfc5f2f844c23b81 

 http://conference.eletsmeet.com/bigbluebutton/api/isMeetingRunning?meetingID=564ec0de4ba6c&checksum=a7f85e179f8c5587ab5b864dbfc5f2f844c23b81 

 SUCCESS|true

2015-11-20 06:54:02 , meetingID=564ec0de4ba6c 

 a7f85e179f8c5587ab5b864dbfc5f2f844c23b81 

 http://conference.eletsmeet.com/bigbluebutton/api/isMeetingRunning?meetingID=564ec0de4ba6c&checksum=a7f85e179f8c5587ab5b864dbfc5f2f844c23b81 

 SUCCESS|true

2015-11-20 06:55:02 , meetingID=564ec0de4ba6c 

 a7f85e179f8c5587ab5b864dbfc5f2f844c23b81 

 http://conference.eletsmeet.com/bigbluebutton/api/isMeetingRunning?meetingID=564ec0de4ba6c&checksum=a7f85e179f8c5587ab5b864dbfc5f2f844c23b81 

 SUCCESS|true

2015-11-20 06:56:01 , meetingID=564ec0de4ba6c 

 a7f85e179f8c5587ab5b864dbfc5f2f844c23b81 

 http://conference.eletsmeet.com/bigbluebutton/api/isMeetingRunning?meetingID=564ec0de4ba6c&checksum=a7f85e179f8c5587ab5b864dbfc5f2f844c23b81 

 SUCCESS|true

2015-11-20 06:57:01 , meetingID=564ec0de4ba6c 

 a7f85e179f8c5587ab5b864dbfc5f2f844c23b81 

 http://conference.eletsmeet.com/bigbluebutton/api/isMeetingRunning?meetingID=564ec0de4ba6c&checksum=a7f85e179f8c5587ab5b864dbfc5f2f844c23b81 

 SUCCESS|true

2015-11-20 06:58:02 , meetingID=564ec0de4ba6c 

 a7f85e179f8c5587ab5b864dbfc5f2f844c23b81 

 http://conference.eletsmeet.com/bigbluebutton/api/isMeetingRunning?meetingID=564ec0de4ba6c&checksum=a7f85e179f8c5587ab5b864dbfc5f2f844c23b81 

 SUCCESS|true

2015-11-20 06:59:01 , meetingID=564ec0de4ba6c 

 a7f85e179f8c5587ab5b864dbfc5f2f844c23b81 

 http://conference.eletsmeet.com/bigbluebutton/api/isMeetingRunning?meetingID=564ec0de4ba6c&checksum=a7f85e179f8c5587ab5b864dbfc5f2f844c23b81 

 SUCCESS|true

2015-11-20 07:00:02 , meetingID=564ec0de4ba6c 

 a7f85e179f8c5587ab5b864dbfc5f2f844c23b81 

 http://conference.eletsmeet.com/bigbluebutton/api/isMeetingRunning?meetingID=564ec0de4ba6c&checksum=a7f85e179f8c5587ab5b864dbfc5f2f844c23b81 

 SUCCESS|true

2015-11-20 07:01:02 , meetingID=564ec0de4ba6c 

 a7f85e179f8c5587ab5b864dbfc5f2f844c23b81 

 http://conference.eletsmeet.com/bigbluebutton/api/isMeetingRunning?meetingID=564ec0de4ba6c&checksum=a7f85e179f8c5587ab5b864dbfc5f2f844c23b81 

 SUCCESS|true

2015-11-20 07:02:01 , meetingID=564ec0de4ba6c 

 a7f85e179f8c5587ab5b864dbfc5f2f844c23b81 

 http://conference.eletsmeet.com/bigbluebutton/api/isMeetingRunning?meetingID=564ec0de4ba6c&checksum=a7f85e179f8c5587ab5b864dbfc5f2f844c23b81 

 SUCCESS|true

2015-11-20 07:03:01 , meetingID=564ec0de4ba6c 

 a7f85e179f8c5587ab5b864dbfc5f2f844c23b81 

 http://conference.eletsmeet.com/bigbluebutton/api/isMeetingRunning?meetingID=564ec0de4ba6c&checksum=a7f85e179f8c5587ab5b864dbfc5f2f844c23b81 

 SUCCESS|true

2015-11-20 07:04:02 , meetingID=564ec0de4ba6c 

 a7f85e179f8c5587ab5b864dbfc5f2f844c23b81 

 http://conference.eletsmeet.com/bigbluebutton/api/isMeetingRunning?meetingID=564ec0de4ba6c&checksum=a7f85e179f8c5587ab5b864dbfc5f2f844c23b81 

 SUCCESS|true

2015-11-20 07:05:02 , meetingID=564ec0de4ba6c 

 a7f85e179f8c5587ab5b864dbfc5f2f844c23b81 

 http://conference.eletsmeet.com/bigbluebutton/api/isMeetingRunning?meetingID=564ec0de4ba6c&checksum=a7f85e179f8c5587ab5b864dbfc5f2f844c23b81 

 SUCCESS|true

2015-11-20 07:06:02 , meetingID=564ec0de4ba6c 

 a7f85e179f8c5587ab5b864dbfc5f2f844c23b81 

 http://conference.eletsmeet.com/bigbluebutton/api/isMeetingRunning?meetingID=564ec0de4ba6c&checksum=a7f85e179f8c5587ab5b864dbfc5f2f844c23b81 

 SUCCESS|true

2015-11-20 07:07:02 , meetingID=564ec0de4ba6c 

 a7f85e179f8c5587ab5b864dbfc5f2f844c23b81 

 http://conference.eletsmeet.com/bigbluebutton/api/isMeetingRunning?meetingID=564ec0de4ba6c&checksum=a7f85e179f8c5587ab5b864dbfc5f2f844c23b81 

 SUCCESS|true

2015-11-20 07:08:01 , meetingID=564ec0de4ba6c 

 a7f85e179f8c5587ab5b864dbfc5f2f844c23b81 

 http://conference.eletsmeet.com/bigbluebutton/api/isMeetingRunning?meetingID=564ec0de4ba6c&checksum=a7f85e179f8c5587ab5b864dbfc5f2f844c23b81 

 SUCCESS|true

2015-11-20 07:09:01 , meetingID=564ec0de4ba6c 

 a7f85e179f8c5587ab5b864dbfc5f2f844c23b81 

 http://conference.eletsmeet.com/bigbluebutton/api/isMeetingRunning?meetingID=564ec0de4ba6c&checksum=a7f85e179f8c5587ab5b864dbfc5f2f844c23b81 

 SUCCESS|true

2015-11-20 07:10:02 , meetingID=564ec0de4ba6c 

 a7f85e179f8c5587ab5b864dbfc5f2f844c23b81 

 http://conference.eletsmeet.com/bigbluebutton/api/isMeetingRunning?meetingID=564ec0de4ba6c&checksum=a7f85e179f8c5587ab5b864dbfc5f2f844c23b81 

 SUCCESS|true

2015-11-20 07:11:02 , meetingID=564ec0de4ba6c 

 a7f85e179f8c5587ab5b864dbfc5f2f844c23b81 

 http://conference.eletsmeet.com/bigbluebutton/api/isMeetingRunning?meetingID=564ec0de4ba6c&checksum=a7f85e179f8c5587ab5b864dbfc5f2f844c23b81 

 SUCCESS|true

2015-11-20 07:12:02 , meetingID=564ec0de4ba6c 

 a7f85e179f8c5587ab5b864dbfc5f2f844c23b81 

 http://conference.eletsmeet.com/bigbluebutton/api/isMeetingRunning?meetingID=564ec0de4ba6c&checksum=a7f85e179f8c5587ab5b864dbfc5f2f844c23b81 

 SUCCESS|true

2015-11-20 07:13:01 , meetingID=564ec0de4ba6c 

 a7f85e179f8c5587ab5b864dbfc5f2f844c23b81 

 http://conference.eletsmeet.com/bigbluebutton/api/isMeetingRunning?meetingID=564ec0de4ba6c&checksum=a7f85e179f8c5587ab5b864dbfc5f2f844c23b81 

 SUCCESS|true

2015-11-20 07:14:01 , meetingID=564ec0de4ba6c 

 a7f85e179f8c5587ab5b864dbfc5f2f844c23b81 

 http://conference.eletsmeet.com/bigbluebutton/api/isMeetingRunning?meetingID=564ec0de4ba6c&checksum=a7f85e179f8c5587ab5b864dbfc5f2f844c23b81 

 SUCCESS|true

2015-11-20 07:15:02 , meetingID=564ec0de4ba6c 

 a7f85e179f8c5587ab5b864dbfc5f2f844c23b81 

 http://conference.eletsmeet.com/bigbluebutton/api/isMeetingRunning?meetingID=564ec0de4ba6c&checksum=a7f85e179f8c5587ab5b864dbfc5f2f844c23b81 

 SUCCESS|true

2015-11-20 07:16:01 , meetingID=564ec0de4ba6c 

 a7f85e179f8c5587ab5b864dbfc5f2f844c23b81 

 http://conference.eletsmeet.com/bigbluebutton/api/isMeetingRunning?meetingID=564ec0de4ba6c&checksum=a7f85e179f8c5587ab5b864dbfc5f2f844c23b81 

 SUCCESS|true

2015-11-20 07:17:01 , meetingID=564ec0de4ba6c 

 a7f85e179f8c5587ab5b864dbfc5f2f844c23b81 

 http://conference.eletsmeet.com/bigbluebutton/api/isMeetingRunning?meetingID=564ec0de4ba6c&checksum=a7f85e179f8c5587ab5b864dbfc5f2f844c23b81 

 SUCCESS|true

2015-11-20 07:18:02 , meetingID=564ec0de4ba6c 

 a7f85e179f8c5587ab5b864dbfc5f2f844c23b81 

 http://conference.eletsmeet.com/bigbluebutton/api/isMeetingRunning?meetingID=564ec0de4ba6c&checksum=a7f85e179f8c5587ab5b864dbfc5f2f844c23b81 

 SUCCESS|true

2015-11-20 07:18:09 , meetingID=564ec0de4ba6c 

 a7f85e179f8c5587ab5b864dbfc5f2f844c23b81 

 /bigbluebutton/api/isMeetingRunning?meetingID=564ec0de4ba6c&checksum=a7f85e179f8c5587ab5b864dbfc5f2f844c23b81 

 |

2015-11-20 07:18:30 , meetingID=564ec0de4ba6c 

 a7f85e179f8c5587ab5b864dbfc5f2f844c23b81 

 /bigbluebutton/api/isMeetingRunning?meetingID=564ec0de4ba6c&checksum=a7f85e179f8c5587ab5b864dbfc5f2f844c23b81 

 |

2015-11-20 07:18:39 , meetingID=564ec0de4ba6c 

 a7f85e179f8c5587ab5b864dbfc5f2f844c23b81 

 /bigbluebutton/api/isMeetingRunning?meetingID=564ec0de4ba6c&checksum=a7f85e179f8c5587ab5b864dbfc5f2f844c23b81 

 |

2015-11-20 07:18:46 , meetingID=564ec0de4ba6c 

 a7f85e179f8c5587ab5b864dbfc5f2f844c23b81 

 /bigbluebutton/api/isMeetingRunning?meetingID=564ec0de4ba6c&checksum=a7f85e179f8c5587ab5b864dbfc5f2f844c23b81 

 |

2015-11-20 07:19:01 , meetingID=564ec0de4ba6c 

 a7f85e179f8c5587ab5b864dbfc5f2f844c23b81 

 /bigbluebutton/api/isMeetingRunning?meetingID=564ec0de4ba6c&checksum=a7f85e179f8c5587ab5b864dbfc5f2f844c23b81 

 |

2015-11-20 07:19:01 , meetingID=564ec0de4ba6c 

 a7f85e179f8c5587ab5b864dbfc5f2f844c23b81 

 http://conference.eletsmeet.com/bigbluebutton/api/isMeetingRunning?meetingID=564ec0de4ba6c&checksum=a7f85e179f8c5587ab5b864dbfc5f2f844c23b81 

 SUCCESS|true

2015-11-20 07:20:01 , meetingID=564ec0de4ba6c 

 a7f85e179f8c5587ab5b864dbfc5f2f844c23b81 

 http://conference.eletsmeet.com/bigbluebutton/api/isMeetingRunning?meetingID=564ec0de4ba6c&checksum=a7f85e179f8c5587ab5b864dbfc5f2f844c23b81 

 SUCCESS|true

2015-11-20 07:21:02 , meetingID=564ec0de4ba6c 

 a7f85e179f8c5587ab5b864dbfc5f2f844c23b81 

 http://conference.eletsmeet.com/bigbluebutton/api/isMeetingRunning?meetingID=564ec0de4ba6c&checksum=a7f85e179f8c5587ab5b864dbfc5f2f844c23b81 

 SUCCESS|true

2015-11-20 07:22:02 , meetingID=564ec0de4ba6c 

 a7f85e179f8c5587ab5b864dbfc5f2f844c23b81 

 http://conference.eletsmeet.com/bigbluebutton/api/isMeetingRunning?meetingID=564ec0de4ba6c&checksum=a7f85e179f8c5587ab5b864dbfc5f2f844c23b81 

 SUCCESS|true

2015-11-20 07:23:02 , meetingID=564ec0de4ba6c 

 a7f85e179f8c5587ab5b864dbfc5f2f844c23b81 

 http://conference.eletsmeet.com/bigbluebutton/api/isMeetingRunning?meetingID=564ec0de4ba6c&checksum=a7f85e179f8c5587ab5b864dbfc5f2f844c23b81 

 SUCCESS|true

2015-11-20 07:24:02 , meetingID=564ec0de4ba6c 

 a7f85e179f8c5587ab5b864dbfc5f2f844c23b81 

 http://conference.eletsmeet.com/bigbluebutton/api/isMeetingRunning?meetingID=564ec0de4ba6c&checksum=a7f85e179f8c5587ab5b864dbfc5f2f844c23b81 

 SUCCESS|true

2015-11-20 07:25:01 , meetingID=564ec0de4ba6c 

 a7f85e179f8c5587ab5b864dbfc5f2f844c23b81 

 http://conference.eletsmeet.com/bigbluebutton/api/isMeetingRunning?meetingID=564ec0de4ba6c&checksum=a7f85e179f8c5587ab5b864dbfc5f2f844c23b81 

 SUCCESS|true

2015-11-20 07:26:02 , meetingID=564ec0de4ba6c 

 a7f85e179f8c5587ab5b864dbfc5f2f844c23b81 

 http://conference.eletsmeet.com/bigbluebutton/api/isMeetingRunning?meetingID=564ec0de4ba6c&checksum=a7f85e179f8c5587ab5b864dbfc5f2f844c23b81 

 SUCCESS|true

2015-11-20 07:27:02 , meetingID=564ec0de4ba6c 

 a7f85e179f8c5587ab5b864dbfc5f2f844c23b81 

 http://conference.eletsmeet.com/bigbluebutton/api/isMeetingRunning?meetingID=564ec0de4ba6c&checksum=a7f85e179f8c5587ab5b864dbfc5f2f844c23b81 

 SUCCESS|true

2015-11-20 07:28:01 , meetingID=564ec0de4ba6c 

 a7f85e179f8c5587ab5b864dbfc5f2f844c23b81 

 http://conference.eletsmeet.com/bigbluebutton/api/isMeetingRunning?meetingID=564ec0de4ba6c&checksum=a7f85e179f8c5587ab5b864dbfc5f2f844c23b81 

 SUCCESS|true

2015-11-20 07:29:01 , meetingID=564ec0de4ba6c 

 a7f85e179f8c5587ab5b864dbfc5f2f844c23b81 

 http://conference.eletsmeet.com/bigbluebutton/api/isMeetingRunning?meetingID=564ec0de4ba6c&checksum=a7f85e179f8c5587ab5b864dbfc5f2f844c23b81 

 SUCCESS|true

2015-11-20 07:30:02 , meetingID=564ec0de4ba6c 

 a7f85e179f8c5587ab5b864dbfc5f2f844c23b81 

 http://conference.eletsmeet.com/bigbluebutton/api/isMeetingRunning?meetingID=564ec0de4ba6c&checksum=a7f85e179f8c5587ab5b864dbfc5f2f844c23b81 

 SUCCESS|true

2015-11-20 07:31:02 , meetingID=564ec0de4ba6c 

 a7f85e179f8c5587ab5b864dbfc5f2f844c23b81 

 http://conference.eletsmeet.com/bigbluebutton/api/isMeetingRunning?meetingID=564ec0de4ba6c&checksum=a7f85e179f8c5587ab5b864dbfc5f2f844c23b81 

 SUCCESS|true

2015-11-20 07:32:01 , meetingID=564ec0de4ba6c 

 a7f85e179f8c5587ab5b864dbfc5f2f844c23b81 

 http://conference.eletsmeet.com/bigbluebutton/api/isMeetingRunning?meetingID=564ec0de4ba6c&checksum=a7f85e179f8c5587ab5b864dbfc5f2f844c23b81 

 SUCCESS|true

2015-11-20 07:33:02 , meetingID=564ec0de4ba6c 

 a7f85e179f8c5587ab5b864dbfc5f2f844c23b81 

 http://conference.eletsmeet.com/bigbluebutton/api/isMeetingRunning?meetingID=564ec0de4ba6c&checksum=a7f85e179f8c5587ab5b864dbfc5f2f844c23b81 

 SUCCESS|true

2015-11-20 07:34:02 , meetingID=564ec0de4ba6c 

 a7f85e179f8c5587ab5b864dbfc5f2f844c23b81 

 http://conference.eletsmeet.com/bigbluebutton/api/isMeetingRunning?meetingID=564ec0de4ba6c&checksum=a7f85e179f8c5587ab5b864dbfc5f2f844c23b81 

 SUCCESS|true

2015-11-20 07:35:02 , meetingID=564ec0de4ba6c 

 a7f85e179f8c5587ab5b864dbfc5f2f844c23b81 

 http://conference.eletsmeet.com/bigbluebutton/api/isMeetingRunning?meetingID=564ec0de4ba6c&checksum=a7f85e179f8c5587ab5b864dbfc5f2f844c23b81 

 SUCCESS|true

2015-11-20 07:36:02 , meetingID=564ec0de4ba6c 

 a7f85e179f8c5587ab5b864dbfc5f2f844c23b81 

 http://conference.eletsmeet.com/bigbluebutton/api/isMeetingRunning?meetingID=564ec0de4ba6c&checksum=a7f85e179f8c5587ab5b864dbfc5f2f844c23b81 

 SUCCESS|true

2015-11-20 07:37:02 , meetingID=564ec0de4ba6c 

 a7f85e179f8c5587ab5b864dbfc5f2f844c23b81 

 http://conference.eletsmeet.com/bigbluebutton/api/isMeetingRunning?meetingID=564ec0de4ba6c&checksum=a7f85e179f8c5587ab5b864dbfc5f2f844c23b81 

 SUCCESS|false

