2015-11-19 10:14:07 , SCID=564da04e682a8&EMID=nisha%40quadridge.com&PSCD=32526df33e34c2c45109f4a948acfba3&PRID=1 

 http://stage.eletsmeet.com/join/jmx.php?SCID=564da04e682a8&EMID=nisha%40quadridge.com&PSCD=32526df33e34c2c45109f4a948acfba3&PRID=1 

 -8|Error, Sorry, you can't join this meeting.|

2015-11-19 10:16:00 , SCID=564da04e682a8&EMID=nisha%40quadridge.com&PSCD=32526df33e34c2c45109f4a948acfba3&PRID=1 

 http://stage.eletsmeet.com/join/jmx.php?SCID=564da04e682a8&EMID=nisha%40quadridge.com&PSCD=32526df33e34c2c45109f4a948acfba3&PRID=1 

 1||http://conference.eletsmeet.com/bigbluebutton/api/join?meetingID=564da04e682a8&fullName=Nisha+Kotian&password=appwd&webVoiceConf=72813&checksum=6514d22619894860084cc4d725e9a38c038bdcae

2015-11-19 10:17:04 , SCID=564da04e682a8&EMID=mitesh.shah%40quadridge.com&PSCD=e62c82187c62011798623f7479f877f4&PRID=1 

 http://stage.eletsmeet.com/join/jmx.php?SCID=564da04e682a8&EMID=mitesh.shah%40quadridge.com&PSCD=e62c82187c62011798623f7479f877f4&PRID=1 

 1||http://conference.eletsmeet.com/bigbluebutton/api/join?meetingID=564da04e682a8&fullName=Mitesh+Shah&password=mppwd&webVoiceConf=72813&checksum=87d7b23e3159dcfcc0477acb8450ca1106dfa837

2015-11-19 10:33:00 , SCID=564da04e682a8&EMID=suyash.salvi%40quadridge.com&PSCD=d420d48f2f86bdf028a1b4bbb6865f3f&PRID=1 

 http://stage.eletsmeet.com/join/jmx.php?SCID=564da04e682a8&EMID=suyash.salvi%40quadridge.com&PSCD=d420d48f2f86bdf028a1b4bbb6865f3f&PRID=1 

 1||http://conference.eletsmeet.com/bigbluebutton/api/join?meetingID=564da04e682a8&fullName=Suyash&password=appwd&webVoiceConf=72813&checksum=92b794a0af0aa4a913a79f5950dce23fd2cc68b0

2015-11-19 10:47:21 , SCID=564da04e682a8&EMID=suyash.salvi%40quadridge.com&PSCD=d420d48f2f86bdf028a1b4bbb6865f3f&PRID=1 

 http://stage.eletsmeet.com/join/jmx.php?SCID=564da04e682a8&EMID=suyash.salvi%40quadridge.com&PSCD=d420d48f2f86bdf028a1b4bbb6865f3f&PRID=1 

 1||http://conference.eletsmeet.com/bigbluebutton/api/join?meetingID=564da04e682a8&fullName=Suyash&password=appwd&webVoiceConf=72813&checksum=92b794a0af0aa4a913a79f5950dce23fd2cc68b0

2015-11-19 11:05:22 , SCID=564da04e682a8&EMID=suyash.salvi%40quadridge.com&PSCD=d420d48f2f86bdf028a1b4bbb6865f3f&PRID=1 

 http://stage.eletsmeet.com/join/jmx.php?SCID=564da04e682a8&EMID=suyash.salvi%40quadridge.com&PSCD=d420d48f2f86bdf028a1b4bbb6865f3f&PRID=1 

 1||http://conference.eletsmeet.com/bigbluebutton/api/join?meetingID=564da04e682a8&fullName=Suyash&password=appwd&webVoiceConf=72813&checksum=92b794a0af0aa4a913a79f5950dce23fd2cc68b0

2015-11-19 11:07:04 , SCID=564da04e682a8&EMID=suyash.salvi%40quadridge.com&PSCD=d420d48f2f86bdf028a1b4bbb6865f3f&PRID=1 

 http://stage.eletsmeet.com/join/jmx.php?SCID=564da04e682a8&EMID=suyash.salvi%40quadridge.com&PSCD=d420d48f2f86bdf028a1b4bbb6865f3f&PRID=1 

 1||http://conference.eletsmeet.com/bigbluebutton/api/join?meetingID=564da04e682a8&fullName=Suyash&password=appwd&webVoiceConf=72813&checksum=92b794a0af0aa4a913a79f5950dce23fd2cc68b0

