2015-11-19 10:15:38 , meetingID=564da04e682a8&fullName=Sushrit&password=mppwd&webVoiceConf=72813 

 0e65530445b9a73904e3de47d4714fa72de1f3fa 

 http://conference.eletsmeet.com/bigbluebutton/api/join?meetingID=564da04e682a8&fullName=Sushrit&password=mppwd&webVoiceConf=72813&checksum=0e65530445b9a73904e3de47d4714fa72de1f3fa 

 http://conference.eletsmeet.com/bigbluebutton/api/join?meetingID=564da04e682a8&fullName=Sushrit&password=mppwd&webVoiceConf=72813&checksum=0e65530445b9a73904e3de47d4714fa72de1f3fa

2015-11-19 10:16:00 , meetingID=564da04e682a8&fullName=Nisha+Kotian&password=appwd&webVoiceConf=72813 

 6514d22619894860084cc4d725e9a38c038bdcae 

 http://conference.eletsmeet.com/bigbluebutton/api/join?meetingID=564da04e682a8&fullName=Nisha+Kotian&password=appwd&webVoiceConf=72813&checksum=6514d22619894860084cc4d725e9a38c038bdcae 

 http://conference.eletsmeet.com/bigbluebutton/api/join?meetingID=564da04e682a8&fullName=Nisha+Kotian&password=appwd&webVoiceConf=72813&checksum=6514d22619894860084cc4d725e9a38c038bdcae

2015-11-19 10:16:48 , meetingID=564da04e682a8&fullName=Sushrit&password=mppwd&webVoiceConf=72813 

 0e65530445b9a73904e3de47d4714fa72de1f3fa 

 http://conference.eletsmeet.com/bigbluebutton/api/join?meetingID=564da04e682a8&fullName=Sushrit&password=mppwd&webVoiceConf=72813&checksum=0e65530445b9a73904e3de47d4714fa72de1f3fa 

 http://conference.eletsmeet.com/bigbluebutton/api/join?meetingID=564da04e682a8&fullName=Sushrit&password=mppwd&webVoiceConf=72813&checksum=0e65530445b9a73904e3de47d4714fa72de1f3fa

2015-11-19 10:17:04 , meetingID=564da04e682a8&fullName=Mitesh+Shah&password=mppwd&webVoiceConf=72813 

 87d7b23e3159dcfcc0477acb8450ca1106dfa837 

 http://conference.eletsmeet.com/bigbluebutton/api/join?meetingID=564da04e682a8&fullName=Mitesh+Shah&password=mppwd&webVoiceConf=72813&checksum=87d7b23e3159dcfcc0477acb8450ca1106dfa837 

 http://conference.eletsmeet.com/bigbluebutton/api/join?meetingID=564da04e682a8&fullName=Mitesh+Shah&password=mppwd&webVoiceConf=72813&checksum=87d7b23e3159dcfcc0477acb8450ca1106dfa837

2015-11-19 10:33:00 , meetingID=564da04e682a8&fullName=Suyash&password=appwd&webVoiceConf=72813 

 92b794a0af0aa4a913a79f5950dce23fd2cc68b0 

 http://conference.eletsmeet.com/bigbluebutton/api/join?meetingID=564da04e682a8&fullName=Suyash&password=appwd&webVoiceConf=72813&checksum=92b794a0af0aa4a913a79f5950dce23fd2cc68b0 

 http://conference.eletsmeet.com/bigbluebutton/api/join?meetingID=564da04e682a8&fullName=Suyash&password=appwd&webVoiceConf=72813&checksum=92b794a0af0aa4a913a79f5950dce23fd2cc68b0

2015-11-19 10:47:21 , meetingID=564da04e682a8&fullName=Suyash&password=appwd&webVoiceConf=72813 

 92b794a0af0aa4a913a79f5950dce23fd2cc68b0 

 http://conference.eletsmeet.com/bigbluebutton/api/join?meetingID=564da04e682a8&fullName=Suyash&password=appwd&webVoiceConf=72813&checksum=92b794a0af0aa4a913a79f5950dce23fd2cc68b0 

 http://conference.eletsmeet.com/bigbluebutton/api/join?meetingID=564da04e682a8&fullName=Suyash&password=appwd&webVoiceConf=72813&checksum=92b794a0af0aa4a913a79f5950dce23fd2cc68b0

2015-11-19 11:05:22 , meetingID=564da04e682a8&fullName=Suyash&password=appwd&webVoiceConf=72813 

 92b794a0af0aa4a913a79f5950dce23fd2cc68b0 

 http://conference.eletsmeet.com/bigbluebutton/api/join?meetingID=564da04e682a8&fullName=Suyash&password=appwd&webVoiceConf=72813&checksum=92b794a0af0aa4a913a79f5950dce23fd2cc68b0 

 http://conference.eletsmeet.com/bigbluebutton/api/join?meetingID=564da04e682a8&fullName=Suyash&password=appwd&webVoiceConf=72813&checksum=92b794a0af0aa4a913a79f5950dce23fd2cc68b0

2015-11-19 11:07:04 , meetingID=564da04e682a8&fullName=Suyash&password=appwd&webVoiceConf=72813 

 92b794a0af0aa4a913a79f5950dce23fd2cc68b0 

 http://conference.eletsmeet.com/bigbluebutton/api/join?meetingID=564da04e682a8&fullName=Suyash&password=appwd&webVoiceConf=72813&checksum=92b794a0af0aa4a913a79f5950dce23fd2cc68b0 

 http://conference.eletsmeet.com/bigbluebutton/api/join?meetingID=564da04e682a8&fullName=Suyash&password=appwd&webVoiceConf=72813&checksum=92b794a0af0aa4a913a79f5950dce23fd2cc68b0

